<?xml version="1.0" encoding="utf-8" standalone="no"?>
<test-results xmlns:xsi="http://www.w3.org/2001/XMLSchema-instance" xsi:noNamespaceSchemaLocation="nunit_schema_2.5.xsd" name="Pester" total="1" errors="0" failures="1" not-run="0" inconclusive="0" ignored="0" skipped="0" invalid="0" date="2025-07-25" time="20:15:34">
  <environment os-version="10.0.26100" platform="Microsoft Windows 11 Enterprise|C:\Windows|\Device\Harddisk0\Partition3" user-domain="REDMOND" machine-name="LEAVANNY" cwd="D:\GitHub\fzf.pwsh" nunit-version="2.5.8.0" clr-version="" user="miwalli" />
  <culture-info current-culture="en-US" current-uiculture="en-US" />
  <test-suite type="Powershell" name="Pester" executed="True" result="Failure" success="False" time="0.0883" asserts="0">
    <results>
      <test-suite type="TestFixture" name="Error in D:\GitHub\fzf.pwsh\tests\Module.Tests.ps1" executed="True" result="Failure" success="False" time="0.0883" asserts="0" description="Error in D:\GitHub\fzf.pwsh\tests\Module.Tests.ps1">
        <results>
          <test-case description="Error occurred in test script 'D:\GitHub\fzf.pwsh\tests\Module.Tests.ps1'" name="Error in D:\GitHub\fzf.pwsh\tests\Module.Tests.ps1.Error occurred in test script 'D:\GitHub\fzf.pwsh\tests\Module.Tests.ps1'" time="0.0883" asserts="0" success="False" result="Failure" executed="True">
            <failure>
              <message>The BeforeAll command may only be used inside a Describe block.</message>
              <stack-trace>at Assert-DescribeInProgress, C:\Program Files\WindowsPowerShell\Modules\Pester\3.4.0\Functions\Describe.ps1: line 125</stack-trace>
            </failure>
          </test-case>
        </results>
      </test-suite>
    </results>
  </test-suite>
</test-results>